2023-11-19 13:58:30,874 [INFO] Activator:179 - 


2023-11-19 13:58:30,874 [INFO] Activator:180 - !SESSION log4j initialized
2023-11-19 13:58:54,678 [ERROR] LogOutputStream:74 - [STDERR_REDIRECT] SLF4J: Failed to load class "org.slf4j.impl.StaticLoggerBinder".
2023-11-19 13:58:54,678 [ERROR] LogOutputStream:74 - [STDERR_REDIRECT] SLF4J: Defaulting to no-operation (NOP) logger implementation
2023-11-19 13:58:54,678 [ERROR] LogOutputStream:74 - [STDERR_REDIRECT] SLF4J: See http://www.slf4j.org/codes.html#StaticLoggerBinder for further details.
2023-11-19 14:03:13,691 [INFO] McuFinderGlobals:52 - Set McuFinder mode to 2 (CubeIDE integrated)
2023-11-19 14:03:14,894 [INFO] ApplicationProperties:181 - Using Application install path: C:\ST\STM32CubeIDE_1.11.2\STM32CubeIDE\plugins\com.st.stm32cube.common.mx_6.7.0.202301130839
2023-11-19 14:03:14,907 [INFO] DbMcusXml:77 - Set database path to: C:\ST\STM32CubeIDE_1.11.2\STM32CubeIDE\plugins\com.st.stm32cube.common.mx_6.7.0.202301130839\\db\/mcu/
2023-11-19 14:03:14,907 [INFO] ApiDb:273 - Set plugin database path to: C:\ST\STM32CubeIDE_1.11.2\STM32CubeIDE\plugins\com.st.stm32cube.common.mx_6.7.0.202301130839\\db\/plugins/boardmanager/
2023-11-19 14:03:14,911 [WARN] ApiDb:258 - Overriding images path with different value:  => C:\ST\STM32CubeIDE_1.11.2\STM32CubeIDE\plugins\com.st.stm32cube.common.mx_6.7.0.202301130839\\db\/plugins/mcufinder/images/
2023-11-19 14:03:14,923 [INFO] ApiDb:249 - Set database path to: C:\Users\MaiasPC\.stmcufinder\plugins\mcufinder//mcu/
2023-11-19 14:03:14,923 [INFO] DbMcusAds:124 - Set database path to: C:\Users\MaiasPC\.stmcufinder\plugins\mcufinder//mcu/
2023-11-19 14:03:14,932 [INFO] CrossReferenceDbSqlite:202 - Set database path to: C:\Users\MaiasPC\.stmcufinder\plugins\mcufinder//mcu/cs/
2023-11-19 14:03:15,032 [INFO] RulesReader:61 - Compatibility file has been processed (283 Rules)
2023-11-19 14:03:15,107 [INFO] DbMcusXml:77 - Set database path to: C:\ST\STM32CubeIDE_1.11.2\STM32CubeIDE\plugins\com.st.stm32cube.common.mx_6.7.0.202301130839\\db\/mcu/
2023-11-19 14:03:15,108 [INFO] ApiDb:273 - Set plugin database path to: C:\ST\STM32CubeIDE_1.11.2\STM32CubeIDE\plugins\com.st.stm32cube.common.mx_6.7.0.202301130839\\db\/plugins/boardmanager/
2023-11-19 14:03:15,108 [INFO] ApiDb:260 - Set plugin images path to: C:\ST\STM32CubeIDE_1.11.2\STM32CubeIDE\plugins\com.st.stm32cube.common.mx_6.7.0.202301130839\\db\/plugins/mcufinder/images/
2023-11-19 14:03:15,108 [WARN] DbFile:40 - Overriding database path with different value: C:\Users\MaiasPC\.stmcufinder\plugins\mcufinder/ => C:\Users\MaiasPC\.stmcufinder\plugins\mcufinder
2023-11-19 14:03:15,108 [INFO] ApiDb:249 - Set database path to: C:\Users\MaiasPC\.stmcufinder\plugins\mcufinder//mcu/
2023-11-19 14:03:15,108 [WARN] DbFile:40 - Overriding database path with different value: C:\Users\MaiasPC\.stmcufinder\plugins\mcufinder/ => C:\Users\MaiasPC\.stmcufinder\plugins\mcufinder
2023-11-19 14:03:15,108 [INFO] DbMcusAds:124 - Set database path to: C:\Users\MaiasPC\.stmcufinder\plugins\mcufinder//mcu/
2023-11-19 14:03:15,108 [WARN] DbFile:40 - Overriding database path with different value: C:\Users\MaiasPC\.stmcufinder\plugins\mcufinder/ => C:\Users\MaiasPC\.stmcufinder\plugins\mcufinder
2023-11-19 14:03:15,108 [WARN] DbFile:40 - Overriding database path with different value: C:\Users\MaiasPC\.stmcufinder\plugins\mcufinder/ => C:\Users\MaiasPC\.stmcufinder\plugins\mcufinder
2023-11-19 14:03:15,108 [INFO] CrossReferenceDbSqlite:202 - Set database path to: C:\Users\MaiasPC\.stmcufinder\plugins\mcufinder//mcu/cs/
2023-11-19 14:03:15,187 [INFO] MainPanel:252 - HeapMemory: 535822336
2023-11-19 14:03:15,281 [INFO] DbMcusXml:77 - Set database path to: C:\ST\STM32CubeIDE_1.11.2\STM32CubeIDE\plugins\com.st.stm32cube.common.mx_6.7.0.202301130839\\db\/mcu/
2023-11-19 14:03:15,281 [INFO] ApiDb:273 - Set plugin database path to: C:\ST\STM32CubeIDE_1.11.2\STM32CubeIDE\plugins\com.st.stm32cube.common.mx_6.7.0.202301130839\\db\/plugins/boardmanager/
2023-11-19 14:03:15,281 [INFO] ApiDb:260 - Set plugin images path to: C:\ST\STM32CubeIDE_1.11.2\STM32CubeIDE\plugins\com.st.stm32cube.common.mx_6.7.0.202301130839\\db\/plugins/mcufinder/images/
2023-11-19 14:03:15,285 [WARN] DbFile:40 - Overriding database path with different value: C:\Users\MaiasPC\.stmcufinder\plugins\mcufinder/ => C:\Users\MaiasPC\.stmcufinder\plugins\mcufinder
2023-11-19 14:03:15,285 [INFO] ApiDb:249 - Set database path to: C:\Users\MaiasPC\.stmcufinder\plugins\mcufinder//mcu/
2023-11-19 14:03:15,285 [WARN] DbFile:40 - Overriding database path with different value: C:\Users\MaiasPC\.stmcufinder\plugins\mcufinder/ => C:\Users\MaiasPC\.stmcufinder\plugins\mcufinder
2023-11-19 14:03:15,285 [INFO] DbMcusAds:124 - Set database path to: C:\Users\MaiasPC\.stmcufinder\plugins\mcufinder//mcu/
2023-11-19 14:03:15,285 [WARN] DbFile:40 - Overriding database path with different value: C:\Users\MaiasPC\.stmcufinder\plugins\mcufinder/ => C:\Users\MaiasPC\.stmcufinder\plugins\mcufinder
2023-11-19 14:03:15,285 [WARN] DbFile:40 - Overriding database path with different value: C:\Users\MaiasPC\.stmcufinder\plugins\mcufinder/ => C:\Users\MaiasPC\.stmcufinder\plugins\mcufinder
2023-11-19 14:03:15,285 [INFO] CrossReferenceDbSqlite:202 - Set database path to: C:\Users\MaiasPC\.stmcufinder\plugins\mcufinder//mcu/cs/
2023-11-19 14:03:15,302 [INFO] ApplicationProperties:181 - Using Application install path: C:\ST\STM32CubeIDE_1.11.2\STM32CubeIDE\plugins\com.st.stm32cube.common.mx_6.7.0.202301130839
2023-11-19 14:03:15,302 [INFO] PluginManage:193 - Search for loadable plugins [exclusion list=, ]
2023-11-19 14:03:15,306 [INFO] PluginManage:307 - Check plugin analytics
2023-11-19 14:03:15,483 [INFO] AnalyticsPlugin:262 - Accepted Software Licenses: 
2023-11-19 14:03:15,483 [INFO] AnalyticsPlugin:264 - Accepted CMSIS Pack Licenses: 
2023-11-19 14:03:15,483 [INFO] AnalyticsPlugin:266 - Accepted Firmware Licenses: 
2023-11-19 14:03:15,495 [INFO] PluginManage:356 - Loaded plugin analytics (category:tool,tabindex:-1)
2023-11-19 14:03:15,495 [INFO] PluginManage:307 - Check plugin cadmodel
2023-11-19 14:03:15,499 [INFO] CADModel:104 - Init CAD model plugin
2023-11-19 14:03:15,499 [INFO] PluginManage:356 - Loaded plugin cadmodel (category:power,tabindex:5)
2023-11-19 14:03:15,499 [INFO] PluginManage:307 - Check plugin clock
2023-11-19 14:03:15,507 [INFO] PluginManage:356 - Loaded plugin clock (category:base,tabindex:2)
2023-11-19 14:03:15,507 [INFO] PluginManage:307 - Check plugin ddr
2023-11-19 14:03:15,507 [INFO] PluginManage:356 - Loaded plugin ddr (category:tool,tabindex:6)
2023-11-19 14:03:15,507 [INFO] PluginManage:307 - Check plugin filemanager
2023-11-19 14:03:15,631 [INFO] PluginManage:356 - Loaded plugin filemanager (category:base,tabindex:10)
2023-11-19 14:03:15,631 [INFO] PluginManage:307 - Check plugin ipmanager
2023-11-19 14:03:15,640 [INFO] PluginManage:356 - Loaded plugin ipmanager (category:base,tabindex:5)
2023-11-19 14:03:15,640 [INFO] PluginManage:307 - Check plugin lpbam
2023-11-19 14:03:15,648 [INFO] PluginManage:356 - Loaded plugin lpbam (category:base,tabindex:0)
2023-11-19 14:03:15,648 [INFO] PluginManage:307 - Check plugin pinoutandconfiguration
2023-11-19 14:03:15,657 [INFO] PluginManage:356 - Loaded plugin pinoutandconfiguration (category:base,tabindex:1)
2023-11-19 14:03:15,657 [INFO] PluginManage:307 - Check plugin pinoutconfig
2023-11-19 14:03:15,705 [INFO] PluginManage:356 - Loaded plugin pinoutconfig (category:base,tabindex:0)
2023-11-19 14:03:15,707 [INFO] PluginManage:307 - Check plugin power
2023-11-19 14:03:15,713 [INFO] PluginManage:356 - Loaded plugin power (category:power,tabindex:4)
2023-11-19 14:03:15,713 [INFO] PluginManage:307 - Check plugin projectmanager
2023-11-19 14:03:15,734 [INFO] PluginManage:356 - Loaded plugin projectmanager (category:projectmanager,tabindex:3)
2023-11-19 14:03:15,734 [INFO] PluginManage:307 - Check plugin thirdparty
2023-11-19 14:03:15,913 [INFO] PluginManage:356 - Loaded plugin thirdparty (category:base,tabindex:-1)
2023-11-19 14:03:15,913 [INFO] PluginManage:307 - Check plugin tools
2023-11-19 14:03:15,918 [WARN] IntegrityCheckThread:82 - waiting for thirdparty lock release [integrity check]
2023-11-19 14:03:15,918 [INFO] IntegrityCheckThread:84 - entering critical section [integrity check]
2023-11-19 14:03:15,918 [INFO] PluginManage:356 - Loaded plugin tools (category:base,tabindex:7)
2023-11-19 14:03:15,921 [INFO] PluginManage:307 - Check plugin tutovideos
2023-11-19 14:03:15,921 [INFO] ThirdPartyUpdaterWithRetryManager:70 - Updater plugin not ready yet. [1/15]
2023-11-19 14:03:16,127 [INFO] PluginManage:356 - Loaded plugin tutovideos (category:base,tabindex:-1)
2023-11-19 14:03:16,129 [INFO] PluginManage:307 - Check plugin updater
2023-11-19 14:03:16,155 [INFO] PluginManage:356 - Loaded plugin updater (category:base,tabindex:12)
2023-11-19 14:03:16,155 [INFO] PluginManage:280 - PluginManage : Loaded plugins [15]
2023-11-19 14:03:16,413 [INFO] PinOutPanel:1477 - setPackage(No Configuration,No Configuration)
2023-11-19 14:03:16,493 [INFO] CADModel:164 - CPN selected for project level
2023-11-19 14:03:16,493 [INFO] CADModel:113 - Register for checkConnection events
2023-11-19 14:03:16,505 [INFO] IPUIPlugin:79 - create IPUIPlugin
2023-11-19 14:03:16,507 [INFO] PluginManager:219 - loadIPPluginJar : add adc
2023-11-19 14:03:16,507 [INFO] IPUIPlugin:79 - create IPUIPlugin
2023-11-19 14:03:16,507 [INFO] PluginManager:219 - loadIPPluginJar : add aes
2023-11-19 14:03:16,510 [INFO] IPUIPlugin:79 - create IPUIPlugin
2023-11-19 14:03:16,510 [INFO] PluginManager:219 - loadIPPluginJar : add can
2023-11-19 14:03:16,510 [INFO] IPUIPlugin:79 - create IPUIPlugin
2023-11-19 14:03:16,510 [INFO] PluginManager:219 - loadIPPluginJar : add comp
2023-11-19 14:03:16,514 [INFO] IPUIPlugin:79 - create IPUIPlugin
2023-11-19 14:03:16,514 [INFO] PluginManager:219 - loadIPPluginJar : add cryp
2023-11-19 14:03:16,514 [INFO] IPUIPlugin:79 - create IPUIPlugin
2023-11-19 14:03:16,514 [INFO] PluginManager:219 - loadIPPluginJar : add dfsdm
2023-11-19 14:03:16,518 [INFO] IPUIPlugin:79 - create IPUIPlugin
2023-11-19 14:03:16,518 [INFO] PluginManager:219 - loadIPPluginJar : add dma
2023-11-19 14:03:16,522 [INFO] IPUIPlugin:79 - create IPUIPlugin
2023-11-19 14:03:16,522 [INFO] PluginManager:219 - loadIPPluginJar : add dma3
2023-11-19 14:03:16,522 [INFO] IPUIPlugin:79 - create IPUIPlugin
2023-11-19 14:03:16,522 [INFO] PluginManager:219 - loadIPPluginJar : add fatfs
2023-11-19 14:03:16,527 [INFO] IPUIPlugin:79 - create IPUIPlugin
2023-11-19 14:03:16,531 [INFO] PluginManager:219 - loadIPPluginJar : add fmc
2023-11-19 14:03:16,532 [INFO] IPUIPlugin:79 - create IPUIPlugin
2023-11-19 14:03:16,535 [INFO] PluginManager:219 - loadIPPluginJar : add freertos
2023-11-19 14:03:16,535 [INFO] IPUIPlugin:79 - create IPUIPlugin
2023-11-19 14:03:16,535 [INFO] PluginManager:219 - loadIPPluginJar : add genericplugin
2023-11-19 14:03:16,537 [INFO] IPUIPlugin:79 - create IPUIPlugin
2023-11-19 14:03:16,537 [INFO] PluginManager:219 - loadIPPluginJar : add gfxmmu
2023-11-19 14:03:16,540 [INFO] IPUIPlugin:79 - create IPUIPlugin
2023-11-19 14:03:16,540 [INFO] PluginManager:219 - loadIPPluginJar : add gic
2023-11-19 14:03:16,544 [INFO] IPUIPlugin:79 - create IPUIPlugin
2023-11-19 14:03:16,544 [INFO] PluginManager:219 - loadIPPluginJar : add gpio
2023-11-19 14:03:16,548 [INFO] IPUIPlugin:79 - create IPUIPlugin
2023-11-19 14:03:16,548 [INFO] PluginManager:219 - loadIPPluginJar : add gtzc
2023-11-19 14:03:16,548 [INFO] IPUIPlugin:79 - create IPUIPlugin
2023-11-19 14:03:16,548 [INFO] PluginManager:219 - loadIPPluginJar : add hash
2023-11-19 14:03:16,548 [INFO] IPUIPlugin:79 - create IPUIPlugin
2023-11-19 14:03:16,548 [INFO] PluginManager:219 - loadIPPluginJar : add i2c
2023-11-19 14:03:16,552 [INFO] IPUIPlugin:79 - create IPUIPlugin
2023-11-19 14:03:16,552 [INFO] PluginManager:219 - loadIPPluginJar : add i2s
2023-11-19 14:03:16,556 [INFO] IPUIPlugin:79 - create IPUIPlugin
2023-11-19 14:03:16,556 [INFO] PluginManager:219 - loadIPPluginJar : add ipddr
2023-11-19 14:03:16,561 [INFO] IPUIPlugin:79 - create IPUIPlugin
2023-11-19 14:03:16,561 [INFO] PluginManager:219 - loadIPPluginJar : add linkedlist
2023-11-19 14:03:16,561 [INFO] IPUIPlugin:79 - create IPUIPlugin
2023-11-19 14:03:16,561 [INFO] PluginManager:219 - loadIPPluginJar : add lorawan
2023-11-19 14:03:16,565 [INFO] IPUIPlugin:79 - create IPUIPlugin
2023-11-19 14:03:16,565 [INFO] PluginManager:219 - loadIPPluginJar : add ltdc
2023-11-19 14:03:16,569 [INFO] IPUIPlugin:79 - create IPUIPlugin
2023-11-19 14:03:16,569 [INFO] PluginManager:219 - loadIPPluginJar : add mdma
2023-11-19 14:03:16,576 [INFO] IPUIPlugin:79 - create IPUIPlugin
2023-11-19 14:03:16,576 [INFO] PluginManager:219 - loadIPPluginJar : add nvic
2023-11-19 14:03:16,578 [INFO] IPUIPlugin:79 - create IPUIPlugin
2023-11-19 14:03:16,578 [INFO] PluginManager:219 - loadIPPluginJar : add opamp
2023-11-19 14:03:16,581 [INFO] IPUIPlugin:79 - create IPUIPlugin
2023-11-19 14:03:16,581 [INFO] PluginManager:219 - loadIPPluginJar : add openamp
2023-11-19 14:03:16,585 [INFO] IPUIPlugin:79 - create IPUIPlugin
2023-11-19 14:03:16,587 [INFO] PluginManager:219 - loadIPPluginJar : add pdm2pcm
2023-11-19 14:03:16,597 [INFO] IPUIPlugin:79 - create IPUIPlugin
2023-11-19 14:03:16,601 [INFO] PluginManager:219 - loadIPPluginJar : add plateformsettings
2023-11-19 14:03:16,601 [INFO] IPUIPlugin:79 - create IPUIPlugin
2023-11-19 14:03:16,601 [INFO] PluginManager:219 - loadIPPluginJar : add quadspi
2023-11-19 14:03:16,605 [INFO] IPUIPlugin:79 - create IPUIPlugin
2023-11-19 14:03:16,605 [INFO] PluginManager:219 - loadIPPluginJar : add resmgrutility
2023-11-19 14:03:16,607 [INFO] IPUIPlugin:79 - create IPUIPlugin
2023-11-19 14:03:16,607 [INFO] PluginManager:219 - loadIPPluginJar : add sai
2023-11-19 14:03:16,610 [INFO] IPUIPlugin:79 - create IPUIPlugin
2023-11-19 14:03:16,610 [INFO] PluginManager:219 - loadIPPluginJar : add spi
2023-11-19 14:03:16,610 [INFO] IPUIPlugin:79 - create IPUIPlugin
2023-11-19 14:03:16,614 [INFO] PluginManager:219 - loadIPPluginJar : add stm32_wpan
2023-11-19 14:03:16,614 [INFO] IPUIPlugin:79 - create IPUIPlugin
2023-11-19 14:03:16,614 [INFO] PluginManager:219 - loadIPPluginJar : add tim
2023-11-19 14:03:16,617 [INFO] IPUIPlugin:79 - create IPUIPlugin
2023-11-19 14:03:16,617 [INFO] PluginManager:219 - loadIPPluginJar : add touchsensing
2023-11-19 14:03:16,619 [INFO] IPUIPlugin:79 - create IPUIPlugin
2023-11-19 14:03:16,619 [INFO] PluginManager:219 - loadIPPluginJar : add tracer_emb
2023-11-19 14:03:16,619 [INFO] IPUIPlugin:79 - create IPUIPlugin
2023-11-19 14:03:16,619 [INFO] PluginManager:219 - loadIPPluginJar : add ts
2023-11-19 14:03:16,621 [INFO] IPUIPlugin:79 - create IPUIPlugin
2023-11-19 14:03:16,621 [INFO] PluginManager:219 - loadIPPluginJar : add tsc
2023-11-19 14:03:16,621 [INFO] IPUIPlugin:79 - create IPUIPlugin
2023-11-19 14:03:16,621 [INFO] PluginManager:219 - loadIPPluginJar : add ucpd
2023-11-19 14:03:16,627 [INFO] IPUIPlugin:79 - create IPUIPlugin
2023-11-19 14:03:16,627 [INFO] PluginManager:219 - loadIPPluginJar : add usart
2023-11-19 14:03:16,630 [INFO] IPUIPlugin:79 - create IPUIPlugin
2023-11-19 14:03:16,630 [INFO] PluginManager:219 - loadIPPluginJar : add usbx
2023-11-19 14:03:16,758 [INFO] CADModel:164 - CPN selected for project level
2023-11-19 14:03:16,759 [INFO] CADModel:113 - Register for checkConnection events
2023-11-19 14:03:16,759 [FATAL] Updater:308 - Updater called before beeing initialized
2023-11-19 14:03:16,759 [ERROR] CADModel:124 - Updater not yet initialized, retry later 
2023-11-19 14:03:16,917 [INFO] CADModel:164 - CPN selected for project level
2023-11-19 14:03:16,917 [INFO] CADModel:113 - Register for checkConnection events
2023-11-19 14:03:16,917 [FATAL] Updater:308 - Updater called before beeing initialized
2023-11-19 14:03:16,917 [ERROR] CADModel:124 - Updater not yet initialized, retry later 
2023-11-19 14:03:16,917 [FATAL] Updater:308 - Updater called before beeing initialized
2023-11-19 14:03:17,070 [FATAL] Updater:308 - Updater called before beeing initialized
2023-11-19 14:03:17,074 [INFO] DbMcusAds:52 - JSON generation date=Tue Mar 07 03:50:55 EST 2023 (1678179055335)
2023-11-19 14:03:17,077 [FATAL] Updater:308 - Updater called before beeing initialized
2023-11-19 14:03:17,117 [WARN] DetailPanel:344 - Failed to get advertising image, set to default
2023-11-19 14:03:17,239 [FATAL] Updater:308 - Updater called before beeing initialized
2023-11-19 14:03:17,243 [FATAL] Updater:308 - Updater called before beeing initialized
2023-11-19 14:03:17,243 [FATAL] Updater:308 - Updater called before beeing initialized
2023-11-19 14:03:17,243 [WARN] DetailPanel:344 - Failed to get advertising image, set to default
2023-11-19 14:03:17,243 [FATAL] Updater:308 - Updater called before beeing initialized
2023-11-19 14:03:17,328 [ERROR] Updater:1120 - MainUpdater not yet initialized. External WinMGr cannot be set.
2023-11-19 14:03:17,328 [INFO] Updater:1056 - Updater Version found : 6.7.0
2023-11-19 14:03:17,348 [INFO] ApplicationProperties:181 - Using Application install path: C:\ST\STM32CubeIDE_1.11.2\STM32CubeIDE\plugins\com.st.stm32cube.common.mx_6.7.0.202301130839
2023-11-19 14:03:17,507 [INFO] MainUpdater:2800 - connection check result : 10
2023-11-19 14:03:17,507 [INFO] MainUpdater:282 - Updater Check For Update Now.
2023-11-19 14:03:17,507 [INFO] MicroXplorer:481 - Change Database Version : DB.6.0.70
2023-11-19 14:03:17,679 [INFO] CheckServerUpdateThread:119 - End of CheckServer Thread
2023-11-19 14:03:17,733 [INFO] MainUpdater:2800 - connection check result : 10
2023-11-19 14:03:17,733 [INFO] MainUpdater:2800 - connection check result : 10
2023-11-19 14:03:17,799 [INFO] MicroXplorer:451 - Change Database Path : 
2023-11-19 14:03:17,801 [INFO] MicroXplorer:481 - Change Database Version : DB.6.0.70
2023-11-19 14:03:17,801 [WARN] ThirdParty:845 - waiting for thirdparty lock release [close project]
2023-11-19 14:03:19,057 [WARN] PackLoader:242 - Cannot read IP mode file for STMicroelectronics.X-CUBE-SMBUS.2.1.0
2023-11-19 14:03:19,093 [WARN] PackLoader:242 - Cannot read IP mode file for STMicroelectronics.X-CUBE-AZRTOS-F7.1.1.0
2023-11-19 14:03:19,107 [WARN] PackLoader:242 - Cannot read IP mode file for STMicroelectronics.FP-SNS-MOTENV1.4.3.2
2023-11-19 14:03:19,143 [WARN] PackLoader:242 - Cannot read IP mode file for STMicroelectronics.X-CUBE-BLE1.6.2.4
2023-11-19 14:03:19,147 [WARN] PackLoader:242 - Cannot read IP mode file for STMicroelectronics.FP-SNS-FLIGHT1.5.0.2
2023-11-19 14:03:19,155 [WARN] PackLoader:242 - Cannot read IP mode file for STMicroelectronics.X-CUBE-DISPLAY.3.0.0
2023-11-19 14:03:19,166 [WARN] PackLoader:242 - Cannot read IP mode file for STMicroelectronics.X-CUBE-BLE1.7.0.0
2023-11-19 14:03:19,172 [WARN] PackLoader:242 - Cannot read IP mode file for STMicroelectronics.X-CUBE-TOUCHGFX.4.22.1
2023-11-19 14:03:19,176 [WARN] PackLoader:242 - Cannot read IP mode file for STMicroelectronics.FP-SNS-SMARTAG2.1.2.0
2023-11-19 14:03:19,184 [INFO] LogOutputStream:76 - [STDOUT_REDIRECT] 1 : Invalid condition id : UX_CORESTACK_Condition cause : null
2023-11-19 14:03:19,187 [INFO] LogOutputStream:76 - [STDOUT_REDIRECT] 1 : Invalid condition id : UX_CORESTACK_Condition cause : null
2023-11-19 14:03:19,189 [INFO] LogOutputStream:76 - [STDOUT_REDIRECT] 1 : Invalid condition id : UX_CORESTACK_Condition cause : null
2023-11-19 14:03:19,189 [INFO] LogOutputStream:76 - [STDOUT_REDIRECT] 1 : Invalid condition id : UX_CORESTACK_Condition cause : null
2023-11-19 14:03:19,193 [INFO] LogOutputStream:76 - [STDOUT_REDIRECT] 1 : Invalid condition id : UX_CORESTACK_Condition cause : null
2023-11-19 14:03:19,197 [WARN] PackLoader:242 - Cannot read IP mode file for STMicroelectronics.X-CUBE-AZRTOS-WL.2.0.0
2023-11-19 14:03:19,215 [WARN] PackLoader:242 - Cannot read IP mode file for WES.I-CUBE-Cesium.1.3.0
2023-11-19 14:03:19,225 [WARN] PackLoader:242 - Cannot read IP mode file for STMicroelectronics.X-CUBE-BLE2.3.3.0
2023-11-19 14:03:19,261 [WARN] PackLoader:242 - Cannot read IP mode file for STMicroelectronics.X-CUBE-TOF1.3.2.0
2023-11-19 14:03:19,274 [WARN] PackLoader:242 - Cannot read IP mode file for STMicroelectronics.X-CUBE-TOUCHGFX.4.21.1
2023-11-19 14:03:19,285 [WARN] PackLoader:242 - Cannot read IP mode file for STMicroelectronics.X-CUBE-TOUCHGFX.4.21.3
2023-11-19 14:03:19,301 [WARN] PackLoader:242 - Cannot read IP mode file for STMicroelectronics.X-CUBE-ALGOBUILD.1.3.0
2023-11-19 14:03:19,335 [WARN] PackLoader:242 - Cannot read IP mode file for STMicroelectronics.X-CUBE-AZRTOS-G0.1.1.0
2023-11-19 14:03:19,354 [WARN] PackLoader:242 - Cannot read IP mode file for STMicroelectronics.X-CUBE-NFC4.3.0.0
2023-11-19 14:03:19,377 [WARN] PackLoader:242 - Cannot read IP mode file for STMicroelectronics.X-CUBE-BLEMGR.3.0.0
2023-11-19 14:03:19,435 [WARN] PackLoader:242 - Cannot read IP mode file for STMicroelectronics.X-CUBE-BLEMGR.1.3.0
2023-11-19 14:03:19,442 [WARN] PackLoader:242 - Cannot read IP mode file for STMicroelectronics.FP-ATR-SIGFOX1.3.2.0
2023-11-19 14:03:19,488 [WARN] PackLoader:242 - Cannot read IP mode file for STMicroelectronics.X-CUBE-MEMS1.9.5.0
2023-11-19 14:03:19,662 [WARN] PackLoader:242 - Cannot read IP mode file for SEGGER.I-CUBE-embOS.1.3.1
2023-11-19 14:03:19,719 [WARN] PackLoader:242 - Cannot read IP mode file for STMicroelectronics.X-CUBE-GNSS1.6.0.0
2023-11-19 14:03:19,737 [WARN] PackLoader:242 - Cannot read IP mode file for STMicroelectronics.X-CUBE-AZRTOS-F4.1.1.0
2023-11-19 14:03:19,760 [WARN] PackLoader:242 - Cannot read IP mode file for STMicroelectronics.X-CUBE-AZRTOS-L5.2.0.0
2023-11-19 14:03:19,768 [WARN] PackLoader:242 - Cannot read IP mode file for STMicroelectronics.X-CUBE-EEPRMA1.4.2.0
2023-11-19 14:03:19,772 [WARN] PackLoader:242 - Cannot read IP mode file for ITTIA_DB.I-CUBE-ITTIADB.8.8.0
2023-11-19 14:03:19,787 [WARN] PackLoader:242 - Cannot read IP mode file for emotas.I-CUBE-CANOPEN.1.1.3
2023-11-19 14:03:19,797 [WARN] PackLoader:242 - Cannot read IP mode file for STMicroelectronics.X-CUBE-BLEMGR.2.0.0
2023-11-19 14:03:19,821 [WARN] ConditionMgr:437 - getConditionDescription Invalid condition id : UX DEVICE CLASS RTOS Condition cause : null
2023-11-19 14:03:19,821 [WARN] ConditionMgr:437 - getConditionDescription Invalid condition id : UX DEVICE CLASS RTOS Condition cause : null
2023-11-19 14:03:19,821 [WARN] PackLoader:242 - Cannot read IP mode file for STMicroelectronics.X-CUBE-AZRTOS-H7.3.1.0
2023-11-19 14:03:19,825 [WARN] ConditionMgr:1038 - genDependencies : Invalid condition id : UX DEVICE CLASS RTOS Condition cause : null
2023-11-19 14:03:19,825 [WARN] ConditionMgr:1038 - genDependencies : Invalid condition id : UX DEVICE CLASS RTOS Condition cause : null
2023-11-19 14:03:19,827 [WARN] ConditionMgr:1038 - genDependencies : Invalid condition id : UX DEVICE CLASS RTOS Condition cause : null
2023-11-19 14:03:19,827 [WARN] ConditionMgr:1038 - genDependencies : Invalid condition id : UX DEVICE CLASS RTOS Condition cause : null
2023-11-19 14:03:19,827 [WARN] ConditionMgr:1038 - genDependencies : Invalid condition id : UX DEVICE CLASS RTOS Condition cause : null
2023-11-19 14:03:19,833 [WARN] PackLoader:242 - Cannot read IP mode file for wolfSSL.I-CUBE-wolfSSL.5.5.4
2023-11-19 14:03:19,837 [WARN] PackLoader:242 - Cannot read IP mode file for STMicroelectronics.X-CUBE-NFC7.1.0.1
2023-11-19 14:03:19,847 [WARN] PackLoader:242 - Cannot read IP mode file for STMicroelectronics.X-CUBE-NFC7.1.0.0
2023-11-19 14:03:19,853 [WARN] PackLoader:242 - Cannot read IP mode file for STMicroelectronics.X-CUBE-NFC6.3.0.0
2023-11-19 14:03:19,861 [WARN] PackLoader:242 - Cannot read IP mode file for STMicroelectronics.X-CUBE-EEPRMA1.4.1.0
2023-11-19 14:03:19,869 [WARN] PackLoader:242 - Cannot read IP mode file for STMicroelectronics.X-CUBE-AI.8.1.0
2023-11-19 14:03:19,921 [WARN] ConditionMgr:437 - getConditionDescription Invalid condition id : LAN8742 Phy interface Condition cause : null
2023-11-19 14:03:19,921 [WARN] PackLoader:242 - Cannot read IP mode file for STMicroelectronics.X-CUBE-AZRTOS-L4.2.0.0
2023-11-19 14:03:19,925 [WARN] ConditionMgr:1038 - genDependencies : Invalid condition id : LAN8742 Phy interface Condition cause : null
2023-11-19 14:03:19,925 [WARN] ConditionMgr:1038 - genDependencies : Invalid condition id : LAN8742 Phy interface Condition cause : null
2023-11-19 14:03:19,927 [WARN] ConditionMgr:1038 - genDependencies : Invalid condition id : LAN8742 Phy interface Condition cause : null
2023-11-19 14:03:19,933 [WARN] PackLoader:242 - Cannot read IP mode file for STMicroelectronics.X-CUBE-SFXS2LP1.4.0.0
2023-11-19 14:03:19,947 [WARN] PackLoader:242 - Cannot read IP mode file for STMicroelectronics.X-CUBE-AZRTOS-H7.3.0.0
2023-11-19 14:03:19,953 [WARN] PackLoader:242 - Cannot read IP mode file for STMicroelectronics.X-CUBE-ISPU.1.1.0
2023-11-19 14:03:19,964 [WARN] PackLoader:242 - Cannot read IP mode file for RoweBots.I-CUBE-UNISONRTOS.5.5.0-4
2023-11-19 14:03:19,967 [WARN] PackLoader:242 - Cannot read IP mode file for STMicroelectronics.X-CUBE-AI.8.0.0
2023-11-19 14:03:19,982 [WARN] ConditionMgr:437 - getConditionDescription Invalid condition id : UX DEVICE CLASS RTOS Condition cause : null
2023-11-19 14:03:19,982 [WARN] ConditionMgr:437 - getConditionDescription Invalid condition id : UX DEVICE CLASS RTOS Condition cause : null
2023-11-19 14:03:19,987 [WARN] PackLoader:242 - Cannot read IP mode file for STMicroelectronics.X-CUBE-AZRTOS-WB.2.0.0
2023-11-19 14:03:19,987 [WARN] ConditionMgr:1038 - genDependencies : Invalid condition id : UX DEVICE CLASS RTOS Condition cause : null
2023-11-19 14:03:19,987 [WARN] ConditionMgr:1038 - genDependencies : Invalid condition id : UX DEVICE CLASS RTOS Condition cause : null
2023-11-19 14:03:19,991 [WARN] ConditionMgr:1038 - genDependencies : Invalid condition id : UX DEVICE CLASS RTOS Condition cause : null
2023-11-19 14:03:19,991 [WARN] ConditionMgr:1038 - genDependencies : Invalid condition id : UX DEVICE CLASS RTOS Condition cause : null
2023-11-19 14:03:19,991 [WARN] ConditionMgr:1038 - genDependencies : Invalid condition id : UX DEVICE CLASS RTOS Condition cause : null
2023-11-19 14:03:19,999 [WARN] PackLoader:242 - Cannot read IP mode file for STMicroelectronics.X-CUBE-FREERTOS.1.0.0
2023-11-19 14:03:20,003 [WARN] PackLoader:242 - Cannot read IP mode file for STMicroelectronics.X-CUBE-FREERTOS.1.0.1
2023-11-19 14:03:20,017 [WARN] PackLoader:242 - Cannot read IP mode file for STMicroelectronics.X-CUBE-AZRTOS-L5.1.1.0
2023-11-19 14:03:20,027 [WARN] PackLoader:242 - Cannot read IP mode file for STMicroelectronics.X-CUBE-SUBG2.5.0.0
2023-11-19 14:03:20,048 [WARN] PackLoader:242 - Cannot read IP mode file for STMicroelectronics.X-CUBE-TOF1.3.3.1
2023-11-19 14:03:20,064 [WARN] PackLoader:242 - Cannot read IP mode file for STMicroelectronics.X-CUBE-AZRTOS-G4.2.0.0
2023-11-19 14:03:20,073 [WARN] PackLoader:242 - Cannot read IP mode file for STMicroelectronics.X-CUBE-TOF1.3.3.0
2023-11-19 14:03:20,085 [WARN] PackLoader:242 - Cannot read IP mode file for STMicroelectronics.FP-ATR-ASTRA1.1.1.1
2023-11-19 14:03:20,093 [WARN] PackLoader:242 - Cannot read IP mode file for Infineon.AIROC-Wi-Fi-Bluetooth-STM32.1.5.1
2023-11-19 14:03:20,097 [WARN] PackLoader:242 - Cannot read IP mode file for STMicroelectronics.FP-SNS-MOTENVWB1.1.3.0
2023-11-19 14:03:20,105 [WARN] PackLoader:242 - Cannot read IP mode file for STMicroelectronics.X-CUBE-AZRTOS-G4.1.0.0
2023-11-19 14:03:20,113 [WARN] PackLoader:242 - Cannot read IP mode file for STMicroelectronics.X-CUBE-AZRTOS-L4.1.0.0
2023-11-19 14:03:20,141 [WARN] PackLoader:242 - Cannot read IP mode file for STMicroelectronics.X-CUBE-MEMS1.10.0.0
2023-11-19 14:03:20,439 [WARN] PackLoader:242 - Cannot read IP mode file for STMicroelectronics.X-CUBE-FREERTOS.1.1.0
2023-11-19 14:03:20,447 [WARN] PackLoader:242 - Cannot read IP mode file for STMicroelectronics.X-CUBE-AZRTOS-WL.1.0.0
2023-11-19 14:03:20,457 [WARN] PackLoader:242 - Cannot read IP mode file for portGmbH.I-Cube-SoM-uGOAL.1.1.0
2023-11-19 14:03:20,459 [WARN] PackLoader:242 - Cannot read IP mode file for STMicroelectronics.X-CUBE-ALS.1.0.1
2023-11-19 14:03:20,467 [WARN] PackLoader:242 - Cannot read IP mode file for STMicroelectronics.X-CUBE-AZRTOS-WB.1.1.0
2023-11-19 14:03:20,471 [WARN] PackLoader:242 - Cannot read IP mode file for STMicroelectronics.FP-ATR-ASTRA1.2.0.0
2023-11-19 14:03:20,475 [INFO] ThirdParty:947 - Integrity check success = true
2023-11-19 14:03:20,475 [INFO] IntegrityCheckThread:98 - exiting critical section [integrity check]
2023-11-19 14:03:20,477 [INFO] IntegrityCheckThread:101 - End integrity checks thread
2023-11-19 14:03:20,477 [INFO] ThirdParty:847 - entering critical section [close project]
2023-11-19 14:03:20,483 [INFO] ThirdParty:857 - exiting critical section [close project]
2023-11-19 14:03:20,523 [INFO] PinOutPanel:1477 - setPackage(No Configuration,No Configuration)
2023-11-19 14:03:20,547 [INFO] UtilMem:74 - Begin LoadConfig() Used Memory: 506145936 Bytes (535822336)
2023-11-19 14:03:20,552 [INFO] MicroXplorer:451 - Change Database Path : 
2023-11-19 14:03:20,552 [INFO] MicroXplorer:481 - Change Database Version : DB.6.0.70
2023-11-19 14:03:20,557 [INFO] OpenFileManager:307 - Change cursor
2023-11-19 14:03:20,710 [INFO] Mcu:1925 - Initializing MCU STM32L452RETxP STM32L452RETxP STM32L452RET6P
2023-11-19 14:03:22,423 [INFO] Context:654 - Trying to add GPIOservice into a context  which must be forbidden
2023-11-19 14:03:23,151 [INFO] RtosManager:489 - Registered RTOS mode: class=CMSIS, group=RTOS, mode=CMSIS_V1, owner=FREERTOS
2023-11-19 14:03:23,151 [INFO] RtosManager:489 - Registered RTOS mode: class=CMSIS, group=RTOS2, mode=CMSIS_V2, owner=FREERTOS
2023-11-19 14:03:23,151 [INFO] RtosManager:489 - Registered RTOS mode: class=RTOS, group=Core, mode=CMSIS_V1, owner=FREERTOS
2023-11-19 14:03:23,151 [INFO] RtosManager:489 - Registered RTOS mode: class=RTOS, group=Core, mode=CMSIS_V2, owner=FREERTOS
2023-11-19 14:03:23,151 [WARN] ModelIntegratedComponent:185 - Missing modes for component STMicroelectronics:FreeRTOS:0.0.1:STMicroelectronics:RTOS:FreeRTOS:Core:::10.2.0:
2023-11-19 14:03:23,188 [WARN] ModelIntegratedComponent:64 - No mode defined for component null
2023-11-19 14:03:23,188 [WARN] ModelIntegratedComponent:64 - No mode defined for component null
2023-11-19 14:03:23,188 [WARN] ModelIntegratedComponent:64 - No mode defined for component null
2023-11-19 14:03:23,188 [WARN] ModelIntegratedComponent:64 - No mode defined for component null
2023-11-19 14:03:23,188 [WARN] ModelIntegratedComponent:64 - No mode defined for component null
2023-11-19 14:03:23,188 [WARN] ModelIntegratedComponent:64 - No mode defined for component null
2023-11-19 14:03:23,188 [WARN] ModelIntegratedComponent:64 - No mode defined for component null
2023-11-19 14:03:23,193 [WARN] ModelIntegratedComponent:64 - No mode defined for component null
2023-11-19 14:03:23,193 [WARN] ModelIntegratedComponent:64 - No mode defined for component null
2023-11-19 14:03:23,193 [WARN] ModelIntegratedComponent:64 - No mode defined for component null
2023-11-19 14:03:23,193 [WARN] ModelIntegratedComponent:64 - No mode defined for component null
2023-11-19 14:03:23,193 [WARN] ModelIntegratedComponent:64 - No mode defined for component null
2023-11-19 14:03:23,193 [WARN] ModelIntegratedComponent:64 - No mode defined for component null
2023-11-19 14:03:23,193 [WARN] ModelIntegratedComponent:64 - No mode defined for component null
2023-11-19 14:03:23,193 [WARN] ModelIntegratedComponent:64 - No mode defined for component null
2023-11-19 14:03:23,193 [WARN] ModelIntegratedComponent:64 - No mode defined for component null
2023-11-19 14:03:23,193 [WARN] ModelIntegratedComponent:64 - No mode defined for component null
2023-11-19 14:03:23,193 [WARN] ModelIntegratedComponent:64 - No mode defined for component null
2023-11-19 14:03:23,193 [WARN] ModelIntegratedComponent:64 - No mode defined for component null
2023-11-19 14:03:23,197 [WARN] ModelIntegratedComponent:64 - No mode defined for component null
2023-11-19 14:03:23,197 [WARN] ModelIntegratedComponent:64 - No mode defined for component null
2023-11-19 14:03:23,197 [WARN] ModelIntegratedComponent:64 - No mode defined for component null
2023-11-19 14:03:23,197 [WARN] ModelIntegratedComponent:64 - No mode defined for component null
2023-11-19 14:03:23,197 [WARN] ModelIntegratedComponent:64 - No mode defined for component null
2023-11-19 14:03:23,197 [WARN] ModelIntegratedComponent:64 - No mode defined for component null
2023-11-19 14:03:23,197 [WARN] ModelIntegratedComponent:64 - No mode defined for component null
2023-11-19 14:03:23,197 [WARN] ModelIntegratedComponent:64 - No mode defined for component null
2023-11-19 14:03:23,197 [WARN] ModelIntegratedComponent:64 - No mode defined for component null
2023-11-19 14:03:23,197 [WARN] ModelIntegratedComponent:64 - No mode defined for component null
2023-11-19 14:03:23,201 [WARN] ModelIntegratedComponent:64 - No mode defined for component null
2023-11-19 14:03:23,201 [WARN] ModelIntegratedComponent:64 - No mode defined for component null
2023-11-19 14:03:23,201 [WARN] ModelIntegratedComponent:64 - No mode defined for component null
2023-11-19 14:03:23,201 [WARN] ModelIntegratedComponent:64 - No mode defined for component null
2023-11-19 14:03:23,617 [INFO] ThirdPartyModel:294 - Start build external matchings
2023-11-19 14:03:24,143 [INFO] ThirdPartyModel:310 - End build external matchings
2023-11-19 14:03:24,763 [INFO] UtilMem:74 - End LoadConfig() Used Memory: 553956032 Bytes (637534208)
2023-11-19 14:03:24,917 [INFO] ApiDb:580 - Connected to CubeFinder SQLite database (C:\Users\MaiasPC\.stmcufinder\plugins\mcufinder\mcu\cube-finder-db.db)
2023-11-19 14:03:24,960 [INFO] ApiDb:667 - CubeFinder database Data Model version=2.1
2023-11-19 14:03:24,960 [INFO] ApiDb:668 - CubeFinder database Configuration version=3.0.37
2023-11-19 14:03:24,960 [INFO] ApiDb:669 - CubeFinder database generation date=2023-10-13 (1697197505)
2023-11-19 14:03:24,960 [INFO] ApiDb:670 - CubeFinder database FW Pack versions=[FP-ATR-ASTRA1_V2.0.0, FP-SNS-FLIGHT1_V5.0.1, FP-SNS-FLIGHT1_V5.0.2, FP-SNS-MOTENV1_V4.3.1, FP-SNS-MOTENV1_V4.3.2, FP-SNS-SMARTAG2_V1.2.0, I-CUBE-ITTIADB_V8.6.3-1, STM32Cube_FW_C0_V1.1.0, STM32Cube_FW_F4_V1.27.1, STM32Cube_FW_F7_V1.17.0, STM32Cube_FW_G0_V1.6.1, STM32Cube_FW_G4_V1.5.1, STM32Cube_FW_H5_V0.5.1, STM32Cube_FW_H5_V1.1.1, STM32Cube_FW_H7_V1.11.0, STM32Cube_FW_L0_V1.12.2, STM32Cube_FW_L5_V1.5.0, STM32Cube_FW_U5_V1.3.0, STM32Cube_FW_U5_V1.3.0RC4, STM32Cube_FW_WBA_V1.0.0RC1, STM32Cube_FW_WBA_V1.1.0RC1, STM32Cube_FW_WBA_V1.1.1, STM32Cube_FW_WB_V1.15.0RC1, STM32Cube_FW_WB_V1.16.0, STM32Cube_FW_WB_V1.16.0RC2, STM32Cube_FW_WB_V1.17.3, STM32Cube_FW_WL_V1.3.0, X-CUBE-ALGOBUILD_V1.3.0, X-CUBE-ALS_V1.0.1, X-CUBE-AZRTOS-F4_V1.1.0, X-CUBE-AZRTOS-F7_V1.1.0, X-CUBE-AZRTOS-G0_V1.1.0, X-CUBE-AZRTOS-G4_V2.0.0, X-CUBE-AZRTOS-H7_V3.1.0, X-CUBE-AZRTOS-L4_V1.0.0, X-CUBE-AZRTOS-L4_V2.0.0, X-CUBE-AZRTOS-L5_V1.1.0, X-CUBE-AZRTOS-WB_V2.0.0, X-CUBE-AZRTOS-WL_V2.0.0, X-CUBE-BLE1_V7.0.0, X-CUBE-BLE2_V3.3.0, X-CUBE-BLEMGR_V2.0.0, X-CUBE-EEPRMA1_V4.1.0, X-CUBE-FREERTOS_V1.1.0, X-CUBE-GNSS1_V6.0.0, X-CUBE-MEMS1_V10.0.0, X-CUBE-MEMS1_V9.1.0, X-CUBE-MEMS1_V9.4.0, X-CUBE-MEMS1_V9.6.0, X-CUBE-NFC4_V3.0.0, X-CUBE-NFC7_V1.0.1, X-CUBE-SFXS2LP1_V4.0.0, X-CUBE-SUBG2_V5.0.0, X-CUBE-TOF1_V3.3.1]
2023-11-19 14:03:26,557 [INFO] ApiDb:239 - Found 143 in-development CPN: [B-WB1M-WPAN1, B-WL5M-SUBG1, NUCLEO-C031C6, STEVAL-PROTEUS1, STEVAL-STWINBX1, STM320518-EVAL, STM32C0116-DK, STM32C011D6Y3TR, STM32C011D6Y6TR, STM32C011F4P3, STM32C011F4P6, STM32C011F4U3, STM32C011F4U6TR, STM32C011F6P3, STM32C011F6P6, STM32C011F6U3, STM32C011F6U6TR, STM32C011J4M3, STM32C011J4M6, STM32C011J6M3, STM32C011J6M6, STM32C0316-DK, STM32C031C4T3, STM32C031C4T6, STM32C031C4U3, STM32C031C4U6, STM32C031C6T3, STM32C031C6T6, STM32C031C6U3, STM32C031C6U6, STM32C031F4P3, STM32C031F4P6, STM32C031F6P3, STM32C031F6P6, STM32C031G4U3, STM32C031G4U6, STM32C031G6U3, STM32C031G6U6, STM32C031K4T3, STM32C031K4T6, STM32C031K4U3, STM32C031K4U6, STM32C031K6T3, STM32C031K6T6, STM32C031K6U3, STM32C031K6U6, STM32G071K8TXN, STM32G071K8UXN, STM32G081GBU6N, STM32G081KBT6N, STM32G081KBUXN, STM32G0B1CCT6N, STM32G0B1KCT6, STM32G0B1NEY6TR, STM32G0B1RCT6N, STM32G0C1CCT6, STM32G0C1CCT6N, STM32G0C1CCU6N, STM32G0C1CET6N, STM32G0C1CEU6N, STM32G0C1KCT6, STM32G0C1NEY6TR, STM32G0C1RCI6N, STM32G0C1RCT6N, STM32G0C1REI6N, STM32G0C1RET6N, STM32G0C1VCI6, STM32G0C1VEI6, STM32G471CCT6, STM32G471CCU6, STM32G471CET3, STM32G471CET6, STM32G471CEU3, STM32G471CEU6, STM32G471MCT6, STM32G471MET3, STM32G471MET6, STM32G471MEY6TR, STM32G471QCT6, STM32G471QET3, STM32G471RCT6, STM32G471RET3, STM32G471RET6, STM32G471VCH6, STM32G471VCI6, STM32G471VCT6, STM32G471VEH3, STM32G471VEH6, STM32G471VEI3, STM32G471VEI6, STM32G471VET3, STM32G471VET6, STM32G474CCT6, STM32L476VGY6PTR, STM32L4R5QGI6STR, STM32MP131AAE3, STM32MP131AAF3, STM32MP131AAG3, STM32MP131CAE3, STM32MP131CAF3, STM32MP131CAG3, STM32MP131DAE7, STM32MP131DAF7, STM32MP131DAG7, STM32MP131FAE7, STM32MP131FAF7, STM32MP131FAG7, STM32MP133AAE3, STM32MP133AAF3, STM32MP133AAG3, STM32MP133CAE3, STM32MP133CAF3, STM32MP133CAG3, STM32MP133DAE7, STM32MP133DAF7, STM32MP133DAG7, STM32MP133FAE7, STM32MP133FAF7, STM32MP133FAG7, STM32MP135AAE3, STM32MP135AAF3, STM32MP135AAG3, STM32MP135CAE3, STM32MP135CAF3, STM32MP135CAG3, STM32MP135DAE7, STM32MP135DAF7, STM32MP135DAG7, STM32MP135F-DK, STM32MP135FAE7, STM32MP135FAF7, STM32MP135FAF7T, STM32MP135FAF7U, STM32MP135FAG7, STM32U595ZJT6Q, STM32U599BJY6QTR, STM32U599NIH6Q, STM32U599NJH6Q, STM32U5A5ZJT6Q, STM32U5A9BJY6QTR, STM32U5A9NJH6Q, STM32WB1MMCH6, STM32WL5MOCH6TR]
2023-11-19 14:03:26,558 [INFO] DbMcus:215 - Found 3806 MCUs, 3806 are supported
2023-11-19 14:03:26,561 [INFO] ApiDb:422 - Load user favorites file C:\Users\MaiasPC/.stm32cubeide/favorites.mcus.txt: 1 item(s)
2023-11-19 14:03:26,561 [INFO] ApiDb:426 - User favorites MCUs=[STM32L443CCT6]
2023-11-19 14:03:26,561 [INFO] DbMcus:221 - Set 1 / 1 favorites MCUs
2023-11-19 14:03:27,073 [WARN] ThirdParty:807 - waiting for thirdparty lock release [change project]
2023-11-19 14:03:27,073 [INFO] ThirdParty:809 - entering critical section [change project]
2023-11-19 14:03:27,073 [INFO] ThirdParty:999 - CMSIS Pack Vendor :STMicroelectronics X-CUBE-ISPU 1.1.0
2023-11-19 14:03:27,073 [INFO] ThirdParty:999 - CMSIS Pack Vendor :RoweBots I-CUBE-UNISONRTOS 5.5.0-4
2023-11-19 14:03:27,073 [INFO] ThirdParty:999 - CMSIS Pack Vendor :STMicroelectronics X-CUBE-GNSS1 6.0.0
2023-11-19 14:03:27,073 [INFO] ThirdParty:999 - CMSIS Pack Vendor :STMicroelectronics USB_HOST 2.0.0
2023-11-19 14:03:27,073 [INFO] ThirdParty:999 - CMSIS Pack Vendor :STMicroelectronics X-CUBE-AZRTOS-F4 1.1.0
2023-11-19 14:03:27,073 [INFO] ThirdParty:999 - CMSIS Pack Vendor :STMicroelectronics LIBJPEG 8.0.0
2023-11-19 14:03:27,073 [INFO] ThirdParty:999 - CMSIS Pack Vendor :STMicroelectronics X-CUBE-SMBUS 2.1.0
2023-11-19 14:03:27,073 [INFO] ThirdParty:999 - CMSIS Pack Vendor :STMicroelectronics USB_DEVICE 3.0.0
2023-11-19 14:03:27,073 [INFO] ThirdParty:999 - CMSIS Pack Vendor :STMicroelectronics X-CUBE-AI 8.0.0
2023-11-19 14:03:27,073 [INFO] ThirdParty:999 - CMSIS Pack Vendor :STMicroelectronics X-CUBE-AZRTOS-WB 2.0.0
2023-11-19 14:03:27,073 [INFO] ThirdParty:999 - CMSIS Pack Vendor :STMicroelectronics X-CUBE-FREERTOS 1.0.0
2023-11-19 14:03:27,073 [INFO] ThirdParty:999 - CMSIS Pack Vendor :STMicroelectronics X-CUBE-FREERTOS 1.0.1
2023-11-19 14:03:27,073 [INFO] ThirdParty:999 - CMSIS Pack Vendor :STMicroelectronics X-CUBE-TOUCHGFX 4.21.1
2023-11-19 14:03:27,073 [INFO] ThirdParty:999 - CMSIS Pack Vendor :STMicroelectronics X-CUBE-TOUCHGFX 4.21.3
2023-11-19 14:03:27,073 [INFO] ThirdParty:999 - CMSIS Pack Vendor :STMicroelectronics X-CUBE-AZRTOS-F7 1.1.0
2023-11-19 14:03:27,073 [INFO] ThirdParty:999 - CMSIS Pack Vendor :STMicroelectronics X-CUBE-AZRTOS-L5 2.0.0
2023-11-19 14:03:27,073 [INFO] ThirdParty:999 - CMSIS Pack Vendor :STMicroelectronics USB_DEVICE 2.0.0
2023-11-19 14:03:27,073 [INFO] ThirdParty:999 - CMSIS Pack Vendor :STMicroelectronics X-CUBE-EEPRMA1 4.2.0
2023-11-19 14:03:27,073 [INFO] ThirdParty:999 - CMSIS Pack Vendor :ITTIA_DB I-CUBE-ITTIADB 8.8.0
2023-11-19 14:03:27,073 [INFO] ThirdParty:999 - CMSIS Pack Vendor :STMicroelectronics FP-SNS-MOTENV1 4.3.2
2023-11-19 14:03:27,073 [INFO] ThirdParty:999 - CMSIS Pack Vendor :STMicroelectronics X-CUBE-ALGOBUILD 1.3.0
2023-11-19 14:03:27,073 [INFO] ThirdParty:999 - CMSIS Pack Vendor :STMicroelectronics X-CUBE-BLE1 6.2.4
2023-11-19 14:03:27,073 [INFO] ThirdParty:999 - CMSIS Pack Vendor :STMicroelectronics X-CUBE-AZRTOS-L5 1.1.0
2023-11-19 14:03:27,073 [INFO] ThirdParty:999 - CMSIS Pack Vendor :STMicroelectronics FreeRTOS 0.0.1
2023-11-19 14:03:27,073 [INFO] ThirdParty:999 - CMSIS Pack Vendor :STMicroelectronics X-CUBE-AZRTOS-G0 1.1.0
2023-11-19 14:03:27,073 [INFO] ThirdParty:999 - CMSIS Pack Vendor :emotas I-CUBE-CANOPEN 1.1.3
2023-11-19 14:03:27,073 [INFO] ThirdParty:999 - CMSIS Pack Vendor :STMicroelectronics X-CUBE-BLEMGR 2.0.0
2023-11-19 14:03:27,073 [INFO] ThirdParty:999 - CMSIS Pack Vendor :STMicroelectronics X-CUBE-NFC4 3.0.0
2023-11-19 14:03:27,073 [INFO] ThirdParty:999 - CMSIS Pack Vendor :STMicroelectronics X-CUBE-SUBG2 5.0.0
2023-11-19 14:03:27,073 [INFO] ThirdParty:999 - CMSIS Pack Vendor :STMicroelectronics STM32_WPAN 1.0.0
2023-11-19 14:03:27,073 [INFO] ThirdParty:999 - CMSIS Pack Vendor :STMicroelectronics lwIP 2.0.3
2023-11-19 14:03:27,073 [INFO] ThirdParty:999 - CMSIS Pack Vendor :STMicroelectronics FP-SNS-FLIGHT1 5.0.2
2023-11-19 14:03:27,073 [INFO] ThirdParty:999 - CMSIS Pack Vendor :STMicroelectronics USB_HOST 1.0.0
2023-11-19 14:03:27,073 [INFO] ThirdParty:999 - CMSIS Pack Vendor :STMicroelectronics X-CUBE-TOF1 3.3.1
2023-11-19 14:03:27,073 [INFO] ThirdParty:999 - CMSIS Pack Vendor :STMicroelectronics X-CUBE-AZRTOS-G4 2.0.0
2023-11-19 14:03:27,073 [INFO] ThirdParty:999 - CMSIS Pack Vendor :STMicroelectronics PDM2PCM 3.1.0
2023-11-19 14:03:27,073 [INFO] ThirdParty:999 - CMSIS Pack Vendor :STMicroelectronics X-CUBE-AZRTOS-H7 3.1.0
2023-11-19 14:03:27,073 [INFO] ThirdParty:999 - CMSIS Pack Vendor :STMicroelectronics X-CUBE-TOF1 3.3.0
2023-11-19 14:03:27,073 [INFO] ThirdParty:999 - CMSIS Pack Vendor :STMicroelectronics FP-ATR-ASTRA1 1.1.1
2023-11-19 14:03:27,073 [INFO] ThirdParty:999 - CMSIS Pack Vendor :Infineon AIROC-Wi-Fi-Bluetooth-STM32 1.5.1
2023-11-19 14:03:27,073 [INFO] ThirdParty:999 - CMSIS Pack Vendor :STMicroelectronics X-CUBE-BLEMGR 3.0.0
2023-11-19 14:03:27,073 [INFO] ThirdParty:999 - CMSIS Pack Vendor :STMicroelectronics PDM2PCM 3.3.0
2023-11-19 14:03:27,073 [INFO] ThirdParty:999 - CMSIS Pack Vendor :STMicroelectronics X-CUBE-DISPLAY 3.0.0
2023-11-19 14:03:27,073 [INFO] ThirdParty:999 - CMSIS Pack Vendor :STMicroelectronics X-CUBE-BLEMGR 1.3.0
2023-11-19 14:03:27,073 [INFO] ThirdParty:999 - CMSIS Pack Vendor :STMicroelectronics FP-SNS-MOTENVWB1 1.3.0
2023-11-19 14:03:27,073 [INFO] ThirdParty:999 - CMSIS Pack Vendor :STMicroelectronics X-CUBE-BLE1 7.0.0
2023-11-19 14:03:27,073 [INFO] ThirdParty:999 - CMSIS Pack Vendor :STMicroelectronics FP-ATR-SIGFOX1 3.2.0
2023-11-19 14:03:27,073 [INFO] ThirdParty:999 - CMSIS Pack Vendor :STMicroelectronics X-CUBE-AZRTOS-G4 1.0.0
2023-11-19 14:03:27,073 [INFO] ThirdParty:999 - CMSIS Pack Vendor :wolfSSL I-CUBE-wolfSSL 5.5.4
2023-11-19 14:03:27,073 [INFO] ThirdParty:999 - CMSIS Pack Vendor :STMicroelectronics X-CUBE-AZRTOS-L4 1.0.0
2023-11-19 14:03:27,073 [INFO] ThirdParty:999 - CMSIS Pack Vendor :STMicroelectronics HAL Drivers 0.0.0
2023-11-19 14:03:27,073 [INFO] ThirdParty:999 - CMSIS Pack Vendor :STMicroelectronics MBEDTLS 2.16.2
2023-11-19 14:03:27,073 [INFO] ThirdParty:999 - CMSIS Pack Vendor :STMicroelectronics X-CUBE-MEMS1 10.0.0
2023-11-19 14:03:27,073 [INFO] ThirdParty:999 - CMSIS Pack Vendor :STMicroelectronics X-CUBE-FREERTOS 1.1.0
2023-11-19 14:03:27,073 [INFO] ThirdParty:999 - CMSIS Pack Vendor :STMicroelectronics X-CUBE-NFC7 1.0.1
2023-11-19 14:03:27,073 [INFO] ThirdParty:999 - CMSIS Pack Vendor :STMicroelectronics MBEDTLS 2.14.1
2023-11-19 14:03:27,073 [INFO] ThirdParty:999 - CMSIS Pack Vendor :STMicroelectronics X-CUBE-NFC7 1.0.0
2023-11-19 14:03:27,073 [INFO] ThirdParty:999 - CMSIS Pack Vendor :STMicroelectronics X-CUBE-TOUCHGFX 4.22.1
2023-11-19 14:03:27,073 [INFO] ThirdParty:999 - CMSIS Pack Vendor :STMicroelectronics X-CUBE-AZRTOS-WL 1.0.0
2023-11-19 14:03:27,073 [INFO] ThirdParty:999 - CMSIS Pack Vendor :STMicroelectronics X-CUBE-NFC6 3.0.0
2023-11-19 14:03:27,073 [INFO] ThirdParty:999 - CMSIS Pack Vendor :STMicroelectronics X-CUBE-EEPRMA1 4.1.0
2023-11-19 14:03:27,073 [INFO] ThirdParty:999 - CMSIS Pack Vendor :portGmbH I-Cube-SoM-uGOAL 1.1.0
2023-11-19 14:03:27,073 [INFO] ThirdParty:999 - CMSIS Pack Vendor :STMicroelectronics X-CUBE-ALS 1.0.1
2023-11-19 14:03:27,073 [INFO] ThirdParty:999 - CMSIS Pack Vendor :STMicroelectronics X-CUBE-MEMS1 9.5.0
2023-11-19 14:03:27,073 [INFO] ThirdParty:999 - CMSIS Pack Vendor :STMicroelectronics ThreadX 1.0.0
2023-11-19 14:03:27,073 [INFO] ThirdParty:999 - CMSIS Pack Vendor :STMicroelectronics FP-SNS-SMARTAG2 1.2.0
2023-11-19 14:03:27,077 [INFO] ThirdParty:999 - CMSIS Pack Vendor :STMicroelectronics X-CUBE-AZRTOS-WB 1.1.0
2023-11-19 14:03:27,077 [INFO] ThirdParty:999 - CMSIS Pack Vendor :STMicroelectronics X-CUBE-AZRTOS-WL 2.0.0
2023-11-19 14:03:27,077 [INFO] ThirdParty:999 - CMSIS Pack Vendor :SEGGER I-CUBE-embOS 1.3.1
2023-11-19 14:03:27,077 [INFO] ThirdParty:999 - CMSIS Pack Vendor :STMicroelectronics USB_DEVICE 1.0.0
2023-11-19 14:03:27,077 [INFO] ThirdParty:999 - CMSIS Pack Vendor :STMicroelectronics X-CUBE-AI 8.1.0
2023-11-19 14:03:27,077 [INFO] ThirdParty:999 - CMSIS Pack Vendor :STMicroelectronics X-CUBE-AZRTOS-L4 2.0.0
2023-11-19 14:03:27,077 [INFO] ThirdParty:999 - CMSIS Pack Vendor :STMicroelectronics ThreadX 0.0.2
2023-11-19 14:03:27,077 [INFO] ThirdParty:999 - CMSIS Pack Vendor :WES I-CUBE-Cesium 1.3.0
2023-11-19 14:03:27,077 [INFO] ThirdParty:999 - CMSIS Pack Vendor :STMicroelectronics FP-ATR-ASTRA1 2.0.0
2023-11-19 14:03:27,077 [INFO] ThirdParty:999 - CMSIS Pack Vendor :STMicroelectronics lwIP 2.1.2
2023-11-19 14:03:27,077 [INFO] ThirdParty:999 - CMSIS Pack Vendor :STMicroelectronics X-CUBE-SFXS2LP1 4.0.0
2023-11-19 14:03:27,077 [INFO] ThirdParty:999 - CMSIS Pack Vendor :STMicroelectronics X-CUBE-BLE2 3.3.0
2023-11-19 14:03:27,077 [INFO] ThirdParty:999 - CMSIS Pack Vendor :STMicroelectronics X-CUBE-TOF1 3.2.0
2023-11-19 14:03:27,077 [INFO] ThirdParty:999 - CMSIS Pack Vendor :STMicroelectronics PDM2PCM 3.2.0
2023-11-19 14:03:27,077 [INFO] ThirdParty:999 - CMSIS Pack Vendor :STMicroelectronics X-CUBE-AZRTOS-H7 3.0.0
2023-11-19 14:03:27,077 [INFO] ThirdParty:815 - exiting critical section [change project]
2023-11-19 14:03:27,487 [INFO] PinOutPanel:1477 - setPackage(No Configuration,No Configuration)
2023-11-19 14:03:27,487 [INFO] PinOutPanel:1477 - setPackage(STM32L452RETxP,LQFP64)
2023-11-19 14:03:29,013 [INFO] UtilMem:74 - Before build in PCC Used Memory: 540407472 Bytes (637534208)
2023-11-19 14:03:31,103 [INFO] UtilMem:74 - After build in PCC Used Memory: 558612448 Bytes (637534208)
2023-11-19 14:03:31,157 [INFO] IPUIPlugin:79 - create IPUIPlugin
2023-11-19 14:03:31,160 [INFO] IPUIPlugin:79 - create IPUIPlugin
2023-11-19 14:03:31,160 [INFO] IPUIPlugin:79 - create IPUIPlugin
2023-11-19 14:03:31,164 [INFO] IPUIPlugin:79 - create IPUIPlugin
2023-11-19 14:03:31,164 [INFO] IPUIPlugin:79 - create IPUIPlugin
2023-11-19 14:03:31,164 [INFO] IPUIPlugin:79 - create IPUIPlugin
2023-11-19 14:03:31,167 [INFO] IPUIPlugin:79 - create IPUIPlugin
2023-11-19 14:03:31,167 [INFO] IPUIPlugin:79 - create IPUIPlugin
2023-11-19 14:03:31,167 [INFO] IPUIPlugin:79 - create IPUIPlugin
2023-11-19 14:03:31,171 [INFO] IPUIPlugin:79 - create IPUIPlugin
2023-11-19 14:03:31,171 [INFO] IPUIPlugin:79 - create IPUIPlugin
2023-11-19 14:03:31,175 [INFO] IPUIPlugin:79 - create IPUIPlugin
2023-11-19 14:03:31,177 [INFO] IPUIPlugin:79 - create IPUIPlugin
2023-11-19 14:03:31,179 [INFO] IPUIPlugin:79 - create IPUIPlugin
2023-11-19 14:03:31,179 [INFO] IPUIPlugin:79 - create IPUIPlugin
2023-11-19 14:03:31,183 [INFO] IPUIPlugin:79 - create IPUIPlugin
2023-11-19 14:03:31,187 [INFO] IPUIPlugin:79 - create IPUIPlugin
2023-11-19 14:03:31,195 [INFO] IPUIPlugin:79 - create IPUIPlugin
2023-11-19 14:03:31,201 [INFO] IPUIPlugin:79 - create IPUIPlugin
2023-11-19 14:03:31,201 [INFO] IPUIPlugin:79 - create IPUIPlugin
2023-11-19 14:03:31,201 [INFO] IPUIPlugin:79 - create IPUIPlugin
2023-11-19 14:03:31,201 [INFO] IPUIPlugin:79 - create IPUIPlugin
2023-11-19 14:03:31,201 [INFO] IPUIPlugin:79 - create IPUIPlugin
2023-11-19 14:03:31,201 [INFO] IPUIPlugin:79 - create IPUIPlugin
2023-11-19 14:03:31,201 [INFO] IPUIPlugin:79 - create IPUIPlugin
2023-11-19 14:03:31,204 [INFO] IPUIPlugin:79 - create IPUIPlugin
2023-11-19 14:03:31,204 [INFO] IPUIPlugin:79 - create IPUIPlugin
2023-11-19 14:03:31,204 [INFO] IPUIPlugin:79 - create IPUIPlugin
2023-11-19 14:03:31,204 [INFO] IPUIPlugin:79 - create IPUIPlugin
2023-11-19 14:03:31,204 [INFO] IPUIPlugin:79 - create IPUIPlugin
2023-11-19 14:03:31,204 [INFO] IPUIPlugin:79 - create IPUIPlugin
2023-11-19 14:03:31,204 [INFO] IPUIPlugin:79 - create IPUIPlugin
2023-11-19 14:03:31,204 [INFO] IPUIPlugin:79 - create IPUIPlugin
2023-11-19 14:03:31,204 [INFO] IPUIPlugin:79 - create IPUIPlugin
2023-11-19 14:03:31,204 [INFO] IPUIPlugin:79 - create IPUIPlugin
2023-11-19 14:03:31,212 [INFO] IPUIPlugin:79 - create IPUIPlugin
2023-11-19 14:03:31,228 [INFO] IPUIPlugin:79 - create IPUIPlugin
2023-11-19 14:03:31,228 [INFO] IPUIPlugin:79 - create IPUIPlugin
2023-11-19 14:03:31,228 [INFO] IPUIPlugin:79 - create IPUIPlugin
2023-11-19 14:03:31,237 [INFO] IPUIPlugin:79 - create IPUIPlugin
2023-11-19 14:03:31,237 [INFO] IPUIPlugin:79 - create IPUIPlugin
2023-11-19 14:03:31,237 [INFO] IPUIPlugin:79 - create IPUIPlugin
2023-11-19 14:03:31,240 [INFO] IPUIPlugin:79 - create IPUIPlugin
2023-11-19 14:03:31,240 [INFO] IPUIPlugin:79 - create IPUIPlugin
2023-11-19 14:03:31,240 [INFO] IPUIPlugin:79 - create IPUIPlugin
2023-11-19 14:03:31,240 [INFO] IPUIPlugin:79 - create IPUIPlugin
2023-11-19 14:03:31,711 [INFO] CADModel:164 - CPN selected for project levelSTM32L452RET6P
2023-11-19 14:03:31,711 [INFO] CADModel:113 - Register for checkConnection events
2023-11-19 14:03:31,763 [INFO] OpenFileManager:327 - Restore cursor
